-------------------------------------------------------------------------------
Test set: com.evoting.BlockchainTest
-------------------------------------------------------------------------------
Tests run: 6, Failures: 4, Errors: 0, Skipped: 0, Time elapsed: 5.263 sec <<< FAILURE! - in com.evoting.BlockchainTest
testSendVoteFromVotingNode(com.evoting.BlockchainTest)  Time elapsed: 1.24 sec  <<< FAILURE!
junit.framework.ComparisonFailure: true expected:<[fals]e> but was:<[tru]e>
	at junit.framework.Assert.assertEquals(Assert.java:100)
	at junit.framework.TestCase.assertEquals(TestCase.java:261)
	at com.evoting.BlockchainTest.testSendVoteFromVotingNode(BlockchainTest.java:104)

testVotingNodeBalance(com.evoting.BlockchainTest)  Time elapsed: 1.002 sec  <<< FAILURE!
junit.framework.ComparisonFailure: true expected:<[fals]e> but was:<[tru]e>
	at junit.framework.Assert.assertEquals(Assert.java:100)
	at junit.framework.TestCase.assertEquals(TestCase.java:261)
	at com.evoting.BlockchainTest.testVotingNodeBalance(BlockchainTest.java:89)

testAdminBalance(com.evoting.BlockchainTest)  Time elapsed: 1.004 sec  <<< FAILURE!
junit.framework.ComparisonFailure: true expected:<[fals]e> but was:<[tru]e>
	at junit.framework.Assert.assertEquals(Assert.java:100)
	at junit.framework.TestCase.assertEquals(TestCase.java:261)
	at com.evoting.BlockchainTest.testAdminBalance(BlockchainTest.java:63)

testSendVoteFromAdmin(com.evoting.BlockchainTest)  Time elapsed: 1.004 sec  <<< FAILURE!
junit.framework.ComparisonFailure: true expected:<[fals]e> but was:<[tru]e>
	at junit.framework.Assert.assertEquals(Assert.java:100)
	at junit.framework.TestCase.assertEquals(TestCase.java:261)
	at com.evoting.BlockchainTest.testSendVoteFromAdmin(BlockchainTest.java:76)

