<?xml version="1.0" encoding="UTF-8"?>
<testsuite name="com.evoting.VoterControllerTest" time="0.478" tests="1" errors="1" skipped="0" failures="0">
  <properties>
    <property name="java.runtime.name" value="Java(TM) SE Runtime Environment"/>
    <property name="sun.boot.library.path" value="C:\Program Files (x86)\Java\jdk1.8.0_73\jre\bin"/>
    <property name="java.vm.version" value="25.73-b02"/>
    <property name="java.vm.vendor" value="Oracle Corporation"/>
    <property name="maven.multiModuleProjectDirectory" value="C:\Users\Gift\Documents\CodeX\eVoting\ServerSideNew\eVoting"/>
    <property name="java.vendor.url" value="http://java.oracle.com/"/>
    <property name="path.separator" value=";"/>
    <property name="guice.disable.misplaced.annotation.check" value="true"/>
    <property name="java.vm.name" value="Java HotSpot(TM) Client VM"/>
    <property name="file.encoding.pkg" value="sun.io"/>
    <property name="user.script" value=""/>
    <property name="user.country" value="ZA"/>
    <property name="sun.java.launcher" value="SUN_STANDARD"/>
    <property name="sun.os.patch.level" value="Service Pack 1"/>
    <property name="java.vm.specification.name" value="Java Virtual Machine Specification"/>
    <property name="user.dir" value="C:\Users\Gift\Documents\CodeX\eVoting\ServerSideNew\eVoting"/>
    <property name="java.runtime.version" value="1.8.0_73-b02"/>
    <property name="java.awt.graphicsenv" value="sun.awt.Win32GraphicsEnvironment"/>
    <property name="java.endorsed.dirs" value="C:\Program Files (x86)\Java\jdk1.8.0_73\jre\lib\endorsed"/>
    <property name="os.arch" value="x86"/>
    <property name="java.io.tmpdir" value="C:\Users\Gift\AppData\Local\Temp\"/>
    <property name="line.separator" value="&#10;"/>
    <property name="java.vm.specification.vendor" value="Oracle Corporation"/>
    <property name="user.variant" value=""/>
    <property name="os.name" value="Windows 7"/>
    <property name="classworlds.conf" value="C:\Users\Gift\Documents\apache-maven-3.3.9-bin\apache-maven-3.3.9\bin\m2.conf"/>
    <property name="sun.jnu.encoding" value="Cp1252"/>
    <property name="java.library.path" value="C:\Program Files (x86)\Java\jdk1.8.0_73\bin;C:\Windows\Sun\Java\bin;C:\Windows\system32;C:\Windows;C:\PVSW\bin;C:\Program Files\Common Files\Microsoft Shared\Windows Live;C:\Program Files (x86)\Common Files\Microsoft Shared\Windows Live;C:\Windows\system32;C:\Windows;C:\Windows\System32\Wbem;C:\Windows\System32\WindowsPowerShell\v1.0\;C:\Program Files (x86)\Windows Live\Shared;C:\Program Files (x86)\Common Files\Roxio Shared\9.0\DLLShared\;C:\Program Files (x86)\Microsoft ASP.NET\ASP.NET Web Pages\v1.0\;C:\Program Files\Microsoft\Web Platform Installer\;C:\Program Files\Microsoft SQL Server\110\Tools\Binn\;C:\Program Files (x86)\Java\jdk1.8.0_73\bin;C:\Program Files (x86)\Java\jdk1.8.0_73\bin;C:\Users\Gift\Documents\apache-maven-3.3.9-bin\apache-maven-3.3.9\bin;C:\Program Files\nodejs\;C:\Program Files\Git\cmd;C:\Program Files (x86)\MySQL\MySQL Fabric 1.5 &amp; MySQL Utilities 1.5\;C:\Program Files (x86)\MySQL\MySQL Fabric 1.5 &amp; MySQL Utilities 1.5\Doctrine extensions for PHP\;C:\Program Files (x86)\Android\android-sdk\tools;C:\Program Files (x86)\Android\android-sdk\platform-tools;C:\Program Files\MiKTeX 2.9\miktex\bin\x64\;C:\Program Files (x86)\GnuWin32\bin;C:\Program Files (x86)\dm845c\dm\bin;C:\MinGW\bin;C:\Users\Gift\AppData\Roaming\npm;."/>
    <property name="java.specification.name" value="Java Platform API Specification"/>
    <property name="java.class.version" value="52.0"/>
    <property name="sun.management.compiler" value="HotSpot Client Compiler"/>
    <property name="os.version" value="6.1"/>
    <property name="user.home" value="C:\Users\Gift"/>
    <property name="user.timezone" value="Africa/Harare"/>
    <property name="java.awt.printerjob" value="sun.awt.windows.WPrinterJob"/>
    <property name="java.specification.version" value="1.8"/>
    <property name="file.encoding" value="Cp1252"/>
    <property name="user.name" value="Gift"/>
    <property name="java.class.path" value="C:\Users\Gift\Documents\apache-maven-3.3.9-bin\apache-maven-3.3.9\boot\plexus-classworlds-2.5.2.jar"/>
    <property name="java.vm.specification.version" value="1.8"/>
    <property name="sun.arch.data.model" value="32"/>
    <property name="java.home" value="C:\Program Files (x86)\Java\jdk1.8.0_73\jre"/>
    <property name="sun.java.command" value="org.codehaus.plexus.classworlds.launcher.Launcher clean install"/>
    <property name="java.specification.vendor" value="Oracle Corporation"/>
    <property name="user.language" value="en"/>
    <property name="awt.toolkit" value="sun.awt.windows.WToolkit"/>
    <property name="java.vm.info" value="mixed mode, sharing"/>
    <property name="java.version" value="1.8.0_73"/>
    <property name="java.ext.dirs" value="C:\Program Files (x86)\Java\jdk1.8.0_73\jre\lib\ext;C:\Windows\Sun\Java\lib\ext"/>
    <property name="sun.boot.class.path" value="C:\Program Files (x86)\Java\jdk1.8.0_73\jre\lib\resources.jar;C:\Program Files (x86)\Java\jdk1.8.0_73\jre\lib\rt.jar;C:\Program Files (x86)\Java\jdk1.8.0_73\jre\lib\sunrsasign.jar;C:\Program Files (x86)\Java\jdk1.8.0_73\jre\lib\jsse.jar;C:\Program Files (x86)\Java\jdk1.8.0_73\jre\lib\jce.jar;C:\Program Files (x86)\Java\jdk1.8.0_73\jre\lib\charsets.jar;C:\Program Files (x86)\Java\jdk1.8.0_73\jre\lib\jfr.jar;C:\Program Files (x86)\Java\jdk1.8.0_73\jre\classes"/>
    <property name="sun.stderr.encoding" value="cp437"/>
    <property name="java.vendor" value="Oracle Corporation"/>
    <property name="maven.home" value="C:\Users\Gift\Documents\apache-maven-3.3.9-bin\apache-maven-3.3.9"/>
    <property name="file.separator" value="\"/>
    <property name="java.vendor.url.bug" value="http://bugreport.sun.com/bugreport/"/>
    <property name="sun.cpu.endian" value="little"/>
    <property name="sun.io.unicode.encoding" value="UnicodeLittle"/>
    <property name="sun.stdout.encoding" value="cp437"/>
    <property name="sun.desktop" value="windows"/>
    <property name="sun.cpu.isalist" value="pentium_pro+mmx pentium_pro pentium+mmx pentium i486 i386 i86"/>
  </properties>
  <testcase name="registerTest" classname="com.evoting.VoterControllerTest" time="0.478">
    <error message="could not execute statement; SQL [n/a]; constraint [uk_fwmwi44u55bo4rvwsv0cln012]; nested exception is org.hibernate.exception.ConstraintViolationException: could not execute statement" type="org.springframework.dao.DataIntegrityViolationException">org.springframework.dao.DataIntegrityViolationException: could not execute statement; SQL [n/a]; constraint [uk_fwmwi44u55bo4rvwsv0cln012]; nested exception is org.hibernate.exception.ConstraintViolationException: could not execute statement
	at org.postgresql.core.v3.QueryExecutorImpl.receiveErrorResponse(QueryExecutorImpl.java:2310)
	at org.postgresql.core.v3.QueryExecutorImpl.processResults(QueryExecutorImpl.java:2023)
	at org.postgresql.core.v3.QueryExecutorImpl.execute(QueryExecutorImpl.java:217)
	at org.postgresql.jdbc.PgStatement.execute(PgStatement.java:421)
	at org.postgresql.jdbc.PgPreparedStatement.executeWithFlags(PgPreparedStatement.java:166)
	at org.postgresql.jdbc.PgPreparedStatement.executeUpdate(PgPreparedStatement.java:137)
	at org.hibernate.engine.jdbc.internal.ResultSetReturnImpl.executeUpdate(ResultSetReturnImpl.java:204)
	at org.hibernate.engine.jdbc.batch.internal.NonBatchingBatch.addToBatch(NonBatchingBatch.java:45)
	at org.hibernate.persister.entity.AbstractEntityPersister.insert(AbstractEntityPersister.java:2886)
	at org.hibernate.persister.entity.AbstractEntityPersister.insert(AbstractEntityPersister.java:3386)
	at org.hibernate.action.internal.EntityInsertAction.execute(EntityInsertAction.java:89)
	at org.hibernate.engine.spi.ActionQueue.executeActions(ActionQueue.java:560)
	at org.hibernate.engine.spi.ActionQueue.executeActions(ActionQueue.java:434)
	at org.hibernate.event.internal.AbstractFlushingEventListener.performExecutions(AbstractFlushingEventListener.java:337)
	at org.hibernate.event.internal.DefaultFlushEventListener.onFlush(DefaultFlushEventListener.java:39)
	at org.hibernate.internal.SessionImpl.flush(SessionImpl.java:1282)
	at org.hibernate.jpa.spi.AbstractEntityManagerImpl.flush(AbstractEntityManagerImpl.java:1300)
	at sun.reflect.NativeMethodAccessorImpl.invoke0(Native Method)
	at sun.reflect.NativeMethodAccessorImpl.invoke(NativeMethodAccessorImpl.java:62)
	at sun.reflect.DelegatingMethodAccessorImpl.invoke(DelegatingMethodAccessorImpl.java:43)
	at java.lang.reflect.Method.invoke(Method.java:497)
	at org.springframework.orm.jpa.SharedEntityManagerCreator$SharedEntityManagerInvocationHandler.invoke(SharedEntityManagerCreator.java:298)
	at com.sun.proxy.$Proxy117.flush(Unknown Source)
	at org.springframework.data.jpa.repository.support.SimpleJpaRepository.flush(SimpleJpaRepository.java:553)
	at org.springframework.data.jpa.repository.support.SimpleJpaRepository.saveAndFlush(SimpleJpaRepository.java:521)
	at sun.reflect.NativeMethodAccessorImpl.invoke0(Native Method)
	at sun.reflect.NativeMethodAccessorImpl.invoke(NativeMethodAccessorImpl.java:62)
	at sun.reflect.DelegatingMethodAccessorImpl.invoke(DelegatingMethodAccessorImpl.java:43)
	at java.lang.reflect.Method.invoke(Method.java:497)
	at org.springframework.data.repository.core.support.RepositoryFactorySupport$QueryExecutorMethodInterceptor.executeMethodOn(RepositoryFactorySupport.java:503)
	at org.springframework.data.repository.core.support.RepositoryFactorySupport$QueryExecutorMethodInterceptor.doInvoke(RepositoryFactorySupport.java:488)
	at org.springframework.data.repository.core.support.RepositoryFactorySupport$QueryExecutorMethodInterceptor.invoke(RepositoryFactorySupport.java:460)
	at org.springframework.aop.framework.ReflectiveMethodInvocation.proceed(ReflectiveMethodInvocation.java:179)
	at org.springframework.data.projection.DefaultMethodInvokingMethodInterceptor.invoke(DefaultMethodInvokingMethodInterceptor.java:61)
	at org.springframework.aop.framework.ReflectiveMethodInvocation.proceed(ReflectiveMethodInvocation.java:179)
	at org.springframework.transaction.interceptor.TransactionInterceptor$1.proceedWithInvocation(TransactionInterceptor.java:99)
	at org.springframework.transaction.interceptor.TransactionAspectSupport.invokeWithinTransaction(TransactionAspectSupport.java:280)
	at org.springframework.transaction.interceptor.TransactionInterceptor.invoke(TransactionInterceptor.java:96)
	at org.springframework.aop.framework.ReflectiveMethodInvocation.proceed(ReflectiveMethodInvocation.java:179)
	at org.springframework.dao.support.PersistenceExceptionTranslationInterceptor.invoke(PersistenceExceptionTranslationInterceptor.java:136)
	at org.springframework.aop.framework.ReflectiveMethodInvocation.proceed(ReflectiveMethodInvocation.java:179)
	at org.springframework.data.jpa.repository.support.CrudMethodMetadataPostProcessor$CrudMethodMetadataPopulatingMethodInterceptor.invoke(CrudMethodMetadataPostProcessor.java:133)
	at org.springframework.aop.framework.ReflectiveMethodInvocation.proceed(ReflectiveMethodInvocation.java:179)
	at org.springframework.aop.interceptor.ExposeInvocationInterceptor.invoke(ExposeInvocationInterceptor.java:92)
	at org.springframework.aop.framework.ReflectiveMethodInvocation.proceed(ReflectiveMethodInvocation.java:179)
	at org.springframework.aop.framework.JdkDynamicAopProxy.invoke(JdkDynamicAopProxy.java:213)
	at com.sun.proxy.$Proxy119.saveAndFlush(Unknown Source)
	at com.evoting.VoterController.register(VoterController.java:54)
	at com.evoting.VoterControllerTest.registerTest(VoterControllerTest.java:53)
</error>
    <system-out><![CDATA[19:06:11.465 [main] DEBUG org.springframework.test.context.junit4.SpringJUnit4ClassRunner - SpringJUnit4ClassRunner constructor called with [class com.evoting.VoterControllerTest]
19:06:11.483 [main] DEBUG org.springframework.test.context.BootstrapUtils - Instantiating CacheAwareContextLoaderDelegate from class [org.springframework.test.context.cache.DefaultCacheAwareContextLoaderDelegate]
19:06:11.502 [main] DEBUG org.springframework.test.context.BootstrapUtils - Instantiating BootstrapContext using constructor [public org.springframework.test.context.support.DefaultBootstrapContext(java.lang.Class,org.springframework.test.context.CacheAwareContextLoaderDelegate)]
19:06:11.546 [main] DEBUG org.springframework.test.context.BootstrapUtils - Instantiating TestContextBootstrapper for test class [com.evoting.VoterControllerTest] from class [org.springframework.boot.test.context.SpringBootTestContextBootstrapper]
19:06:11.588 [main] INFO org.springframework.boot.test.context.SpringBootTestContextBootstrapper - Neither @ContextConfiguration nor @ContextHierarchy found for test class [com.evoting.VoterControllerTest], using SpringBootContextLoader
19:06:11.601 [main] DEBUG org.springframework.test.context.support.AbstractContextLoader - Did not detect default resource location for test class [com.evoting.VoterControllerTest]: class path resource [com/evoting/VoterControllerTest-context.xml] does not exist
19:06:11.602 [main] DEBUG org.springframework.test.context.support.AbstractContextLoader - Did not detect default resource location for test class [com.evoting.VoterControllerTest]: class path resource [com/evoting/VoterControllerTestContext.groovy] does not exist
19:06:11.603 [main] INFO org.springframework.test.context.support.AbstractContextLoader - Could not detect default resource locations for test class [com.evoting.VoterControllerTest]: no resource found for suffixes {-context.xml, Context.groovy}.
19:06:11.606 [main] INFO org.springframework.test.context.support.AnnotationConfigContextLoaderUtils - Could not detect default configuration classes for test class [com.evoting.VoterControllerTest]: VoterControllerTest does not declare any static, non-private, non-final, nested classes annotated with @Configuration.
19:06:11.721 [main] DEBUG org.springframework.test.context.support.ActiveProfilesUtils - Could not find an 'annotation declaring class' for annotation type [org.springframework.test.context.ActiveProfiles] and class [com.evoting.VoterControllerTest]
19:06:11.861 [main] DEBUG org.springframework.core.env.StandardEnvironment - Adding [systemProperties] PropertySource with lowest search precedence
19:06:11.861 [main] DEBUG org.springframework.core.env.StandardEnvironment - Adding [systemEnvironment] PropertySource with lowest search precedence
19:06:11.862 [main] DEBUG org.springframework.core.env.StandardEnvironment - Initialized StandardEnvironment with PropertySources [systemProperties,systemEnvironment]
19:06:11.895 [main] DEBUG org.springframework.core.io.support.PathMatchingResourcePatternResolver - Resolved classpath location [com/evoting/] to resources [URL [file:/C:/Users/Gift/Documents/CodeX/eVoting/ServerSideNew/eVoting/webservice/target/test-classes/com/evoting/], URL [file:/C:/Users/Gift/Documents/CodeX/eVoting/ServerSideNew/eVoting/webservice/target/classes/com/evoting/], URL [jar:file:/C:/Users/Gift/Documents/CodeX/eVoting/ServerSideNew/eVoting/database/target/database-1.0-SNAPSHOT.jar!/com/evoting/]]
19:06:11.896 [main] DEBUG org.springframework.core.io.support.PathMatchingResourcePatternResolver - Looking for matching resources in directory tree [C:\Users\Gift\Documents\CodeX\eVoting\ServerSideNew\eVoting\webservice\target\test-classes\com\evoting]
19:06:11.897 [main] DEBUG org.springframework.core.io.support.PathMatchingResourcePatternResolver - Searching directory [C:\Users\Gift\Documents\CodeX\eVoting\ServerSideNew\eVoting\webservice\target\test-classes\com\evoting] for files matching pattern [C:/Users/Gift/Documents/CodeX/eVoting/ServerSideNew/eVoting/webservice/target/test-classes/com/evoting/*.class]
19:06:11.906 [main] DEBUG org.springframework.core.io.support.PathMatchingResourcePatternResolver - Looking for matching resources in directory tree [C:\Users\Gift\Documents\CodeX\eVoting\ServerSideNew\eVoting\webservice\target\classes\com\evoting]
19:06:11.907 [main] DEBUG org.springframework.core.io.support.PathMatchingResourcePatternResolver - Searching directory [C:\Users\Gift\Documents\CodeX\eVoting\ServerSideNew\eVoting\webservice\target\classes\com\evoting] for files matching pattern [C:/Users/Gift/Documents/CodeX/eVoting/ServerSideNew/eVoting/webservice/target/classes/com/evoting/*.class]
19:06:11.911 [main] DEBUG org.springframework.core.io.support.PathMatchingResourcePatternResolver - Looking for matching resources in jar file [file:/C:/Users/Gift/Documents/CodeX/eVoting/ServerSideNew/eVoting/database/target/database-1.0-SNAPSHOT.jar]
19:06:11.913 [main] DEBUG org.springframework.core.io.support.PathMatchingResourcePatternResolver - Resolved location pattern [classpath*:com/evoting/*.class] to resources [file [C:\Users\Gift\Documents\CodeX\eVoting\ServerSideNew\eVoting\webservice\target\test-classes\com\evoting\VoterControllerTest.class], file [C:\Users\Gift\Documents\CodeX\eVoting\ServerSideNew\eVoting\webservice\target\test-classes\com\evoting\WebServiceApplicationTest.class], file [C:\Users\Gift\Documents\CodeX\eVoting\ServerSideNew\eVoting\webservice\target\classes\com\evoting\VoterController.class], file [C:\Users\Gift\Documents\CodeX\eVoting\ServerSideNew\eVoting\webservice\target\classes\com\evoting\WebServiceApplication.class]]
19:06:12.075 [main] DEBUG org.springframework.context.annotation.ClassPathScanningCandidateComponentProvider - Identified candidate component class: file [C:\Users\Gift\Documents\CodeX\eVoting\ServerSideNew\eVoting\webservice\target\classes\com\evoting\WebServiceApplication.class]
19:06:12.077 [main] INFO org.springframework.boot.test.context.SpringBootTestContextBootstrapper - Found @SpringBootConfiguration com.evoting.WebServiceApplication for test class com.evoting.VoterControllerTest
19:06:12.085 [main] DEBUG org.springframework.boot.test.context.SpringBootTestContextBootstrapper - @TestExecutionListeners is not present for class [com.evoting.VoterControllerTest]: using defaults.
19:06:12.097 [main] INFO org.springframework.boot.test.context.SpringBootTestContextBootstrapper - Loaded default TestExecutionListener class names from location [META-INF/spring.factories]: [org.springframework.boot.test.mock.mockito.MockitoTestExecutionListener, org.springframework.boot.test.mock.mockito.ResetMocksTestExecutionListener, org.springframework.boot.test.autoconfigure.AutoConfigureReportTestExecutionListener, org.springframework.boot.test.autoconfigure.restdocs.RestDocsTestExecutionListener, org.springframework.boot.test.autoconfigure.web.client.MockRestServiceServerResetTestExecutionListener, org.springframework.test.context.web.ServletTestExecutionListener, org.springframework.test.context.support.DirtiesContextBeforeModesTestExecutionListener, org.springframework.test.context.support.DependencyInjectionTestExecutionListener, org.springframework.test.context.support.DirtiesContextTestExecutionListener, org.springframework.test.context.transaction.TransactionalTestExecutionListener, org.springframework.test.context.jdbc.SqlScriptsTestExecutionListener]
19:06:12.154 [main] INFO org.springframework.boot.test.context.SpringBootTestContextBootstrapper - Using TestExecutionListeners: [org.springframework.test.context.web.ServletTestExecutionListener@f60048, org.springframework.test.context.support.DirtiesContextBeforeModesTestExecutionListener@1548a08, org.springframework.boot.test.autoconfigure.AutoConfigureReportTestExecutionListener@aa0a0a, org.springframework.test.context.support.DependencyInjectionTestExecutionListener@180cb77, org.springframework.test.context.support.DirtiesContextTestExecutionListener@11a7f8f, org.springframework.test.context.transaction.TransactionalTestExecutionListener@a7bc6e, org.springframework.test.context.jdbc.SqlScriptsTestExecutionListener@1b062a, org.springframework.boot.test.mock.mockito.ResetMocksTestExecutionListener@1c1bced, org.springframework.boot.test.autoconfigure.web.client.MockRestServiceServerResetTestExecutionListener@19d4f9d, org.springframework.boot.test.autoconfigure.restdocs.RestDocsTestExecutionListener@34c28c, org.springframework.boot.test.mock.mockito.MockitoTestExecutionListener@50a6f6]
19:06:12.156 [main] DEBUG org.springframework.test.context.junit4.SpringJUnit4ClassRunner - SpringJUnit4ClassRunner constructor called with [class com.evoting.WebServiceApplicationTest]
19:06:12.156 [main] DEBUG org.springframework.test.context.BootstrapUtils - Instantiating CacheAwareContextLoaderDelegate from class [org.springframework.test.context.cache.DefaultCacheAwareContextLoaderDelegate]
19:06:12.156 [main] DEBUG org.springframework.test.context.BootstrapUtils - Instantiating BootstrapContext using constructor [public org.springframework.test.context.support.DefaultBootstrapContext(java.lang.Class,org.springframework.test.context.CacheAwareContextLoaderDelegate)]
19:06:12.158 [main] DEBUG org.springframework.test.context.BootstrapUtils - Instantiating TestContextBootstrapper for test class [com.evoting.WebServiceApplicationTest] from class [org.springframework.boot.test.context.SpringBootTestContextBootstrapper]
19:06:12.159 [main] INFO org.springframework.boot.test.context.SpringBootTestContextBootstrapper - Neither @ContextConfiguration nor @ContextHierarchy found for test class [com.evoting.WebServiceApplicationTest], using SpringBootContextLoader
19:06:12.160 [main] DEBUG org.springframework.test.context.support.AbstractContextLoader - Did not detect default resource location for test class [com.evoting.WebServiceApplicationTest]: class path resource [com/evoting/WebServiceApplicationTest-context.xml] does not exist
19:06:12.161 [main] DEBUG org.springframework.test.context.support.AbstractContextLoader - Did not detect default resource location for test class [com.evoting.WebServiceApplicationTest]: class path resource [com/evoting/WebServiceApplicationTestContext.groovy] does not exist
19:06:12.162 [main] INFO org.springframework.test.context.support.AbstractContextLoader - Could not detect default resource locations for test class [com.evoting.WebServiceApplicationTest]: no resource found for suffixes {-context.xml, Context.groovy}.
19:06:12.162 [main] INFO org.springframework.test.context.support.AnnotationConfigContextLoaderUtils - Could not detect default configuration classes for test class [com.evoting.WebServiceApplicationTest]: WebServiceApplicationTest does not declare any static, non-private, non-final, nested classes annotated with @Configuration.
19:06:12.174 [main] DEBUG org.springframework.test.context.support.ActiveProfilesUtils - Could not find an 'annotation declaring class' for annotation type [org.springframework.test.context.ActiveProfiles] and class [com.evoting.WebServiceApplicationTest]
19:06:12.176 [main] DEBUG org.springframework.core.env.StandardEnvironment - Adding [systemProperties] PropertySource with lowest search precedence
19:06:12.176 [main] DEBUG org.springframework.core.env.StandardEnvironment - Adding [systemEnvironment] PropertySource with lowest search precedence
19:06:12.177 [main] DEBUG org.springframework.core.env.StandardEnvironment - Initialized StandardEnvironment with PropertySources [systemProperties,systemEnvironment]
19:06:12.177 [main] INFO org.springframework.boot.test.context.SpringBootTestContextBootstrapper - Found @SpringBootConfiguration com.evoting.WebServiceApplication for test class com.evoting.WebServiceApplicationTest
19:06:12.182 [main] DEBUG org.springframework.boot.test.context.SpringBootTestContextBootstrapper - @TestExecutionListeners is not present for class [com.evoting.WebServiceApplicationTest]: using defaults.
19:06:12.189 [main] INFO org.springframework.boot.test.context.SpringBootTestContextBootstrapper - Loaded default TestExecutionListener class names from location [META-INF/spring.factories]: [org.springframework.boot.test.mock.mockito.MockitoTestExecutionListener, org.springframework.boot.test.mock.mockito.ResetMocksTestExecutionListener, org.springframework.boot.test.autoconfigure.AutoConfigureReportTestExecutionListener, org.springframework.boot.test.autoconfigure.restdocs.RestDocsTestExecutionListener, org.springframework.boot.test.autoconfigure.web.client.MockRestServiceServerResetTestExecutionListener, org.springframework.test.context.web.ServletTestExecutionListener, org.springframework.test.context.support.DirtiesContextBeforeModesTestExecutionListener, org.springframework.test.context.support.DependencyInjectionTestExecutionListener, org.springframework.test.context.support.DirtiesContextTestExecutionListener, org.springframework.test.context.transaction.TransactionalTestExecutionListener, org.springframework.test.context.jdbc.SqlScriptsTestExecutionListener]
19:06:12.190 [main] INFO org.springframework.boot.test.context.SpringBootTestContextBootstrapper - Using TestExecutionListeners: [org.springframework.test.context.web.ServletTestExecutionListener@1761df8, org.springframework.test.context.support.DirtiesContextBeforeModesTestExecutionListener@b7a896, org.springframework.boot.test.autoconfigure.AutoConfigureReportTestExecutionListener@7b636c, org.springframework.test.context.support.DependencyInjectionTestExecutionListener@1dd4eda, org.springframework.test.context.support.DirtiesContextTestExecutionListener@611244, org.springframework.test.context.transaction.TransactionalTestExecutionListener@145e5c6, org.springframework.test.context.jdbc.SqlScriptsTestExecutionListener@4c8041, org.springframework.boot.test.mock.mockito.ResetMocksTestExecutionListener@1c8becc, org.springframework.boot.test.autoconfigure.web.client.MockRestServiceServerResetTestExecutionListener@1d37183, org.springframework.boot.test.autoconfigure.restdocs.RestDocsTestExecutionListener@1a0dcaa, org.springframework.boot.test.mock.mockito.MockitoTestExecutionListener@1d40a57]
19:06:12.199 [main] DEBUG org.springframework.test.annotation.ProfileValueUtils - Retrieved @ProfileValueSourceConfiguration [null] for test class [com.evoting.VoterControllerTest]
19:06:12.200 [main] DEBUG org.springframework.test.annotation.ProfileValueUtils - Retrieved ProfileValueSource type [class org.springframework.test.annotation.SystemProfileValueSource] for class [com.evoting.VoterControllerTest]
19:06:12.201 [main] DEBUG org.springframework.test.annotation.ProfileValueUtils - Retrieved @ProfileValueSourceConfiguration [null] for test class [com.evoting.WebServiceApplicationTest]
19:06:12.201 [main] DEBUG org.springframework.test.annotation.ProfileValueUtils - Retrieved ProfileValueSource type [class org.springframework.test.annotation.SystemProfileValueSource] for class [com.evoting.WebServiceApplicationTest]
19:06:12.207 [main] DEBUG org.springframework.test.context.junit4.SpringJUnit4ClassRunner - SpringJUnit4ClassRunner constructor called with [class com.evoting.VoterControllerTest]
19:06:12.207 [main] DEBUG org.springframework.test.context.BootstrapUtils - Instantiating CacheAwareContextLoaderDelegate from class [org.springframework.test.context.cache.DefaultCacheAwareContextLoaderDelegate]
19:06:12.208 [main] DEBUG org.springframework.test.context.BootstrapUtils - Instantiating BootstrapContext using constructor [public org.springframework.test.context.support.DefaultBootstrapContext(java.lang.Class,org.springframework.test.context.CacheAwareContextLoaderDelegate)]
19:06:12.209 [main] DEBUG org.springframework.test.context.BootstrapUtils - Instantiating TestContextBootstrapper for test class [com.evoting.VoterControllerTest] from class [org.springframework.boot.test.context.SpringBootTestContextBootstrapper]
19:06:12.210 [main] INFO org.springframework.boot.test.context.SpringBootTestContextBootstrapper - Neither @ContextConfiguration nor @ContextHierarchy found for test class [com.evoting.VoterControllerTest], using SpringBootContextLoader
19:06:12.212 [main] DEBUG org.springframework.test.context.support.AbstractContextLoader - Did not detect default resource location for test class [com.evoting.VoterControllerTest]: class path resource [com/evoting/VoterControllerTest-context.xml] does not exist
19:06:12.213 [main] DEBUG org.springframework.test.context.support.AbstractContextLoader - Did not detect default resource location for test class [com.evoting.VoterControllerTest]: class path resource [com/evoting/VoterControllerTestContext.groovy] does not exist
19:06:12.213 [main] INFO org.springframework.test.context.support.AbstractContextLoader - Could not detect default resource locations for test class [com.evoting.VoterControllerTest]: no resource found for suffixes {-context.xml, Context.groovy}.
19:06:12.214 [main] INFO org.springframework.test.context.support.AnnotationConfigContextLoaderUtils - Could not detect default configuration classes for test class [com.evoting.VoterControllerTest]: VoterControllerTest does not declare any static, non-private, non-final, nested classes annotated with @Configuration.
19:06:12.225 [main] DEBUG org.springframework.test.context.support.ActiveProfilesUtils - Could not find an 'annotation declaring class' for annotation type [org.springframework.test.context.ActiveProfiles] and class [com.evoting.VoterControllerTest]
19:06:12.227 [main] DEBUG org.springframework.core.env.StandardEnvironment - Adding [systemProperties] PropertySource with lowest search precedence
19:06:12.227 [main] DEBUG org.springframework.core.env.StandardEnvironment - Adding [systemEnvironment] PropertySource with lowest search precedence
19:06:12.228 [main] DEBUG org.springframework.core.env.StandardEnvironment - Initialized StandardEnvironment with PropertySources [systemProperties,systemEnvironment]
19:06:12.228 [main] INFO org.springframework.boot.test.context.SpringBootTestContextBootstrapper - Found @SpringBootConfiguration com.evoting.WebServiceApplication for test class com.evoting.VoterControllerTest
19:06:12.230 [main] DEBUG org.springframework.boot.test.context.SpringBootTestContextBootstrapper - @TestExecutionListeners is not present for class [com.evoting.VoterControllerTest]: using defaults.
19:06:12.242 [main] INFO org.springframework.boot.test.context.SpringBootTestContextBootstrapper - Loaded default TestExecutionListener class names from location [META-INF/spring.factories]: [org.springframework.boot.test.mock.mockito.MockitoTestExecutionListener, org.springframework.boot.test.mock.mockito.ResetMocksTestExecutionListener, org.springframework.boot.test.autoconfigure.AutoConfigureReportTestExecutionListener, org.springframework.boot.test.autoconfigure.restdocs.RestDocsTestExecutionListener, org.springframework.boot.test.autoconfigure.web.client.MockRestServiceServerResetTestExecutionListener, org.springframework.test.context.web.ServletTestExecutionListener, org.springframework.test.context.support.DirtiesContextBeforeModesTestExecutionListener, org.springframework.test.context.support.DependencyInjectionTestExecutionListener, org.springframework.test.context.support.DirtiesContextTestExecutionListener, org.springframework.test.context.transaction.TransactionalTestExecutionListener, org.springframework.test.context.jdbc.SqlScriptsTestExecutionListener]
19:06:12.244 [main] INFO org.springframework.boot.test.context.SpringBootTestContextBootstrapper - Using TestExecutionListeners: [org.springframework.test.context.web.ServletTestExecutionListener@1529fee, org.springframework.test.context.support.DirtiesContextBeforeModesTestExecutionListener@1e767f3, org.springframework.boot.test.autoconfigure.AutoConfigureReportTestExecutionListener@5c96b, org.springframework.test.context.support.DependencyInjectionTestExecutionListener@4cf7cf, org.springframework.test.context.support.DirtiesContextTestExecutionListener@1d6b6c7, org.springframework.test.context.transaction.TransactionalTestExecutionListener@1fa9431, org.springframework.test.context.jdbc.SqlScriptsTestExecutionListener@1b250b4, org.springframework.boot.test.mock.mockito.ResetMocksTestExecutionListener@3f3642, org.springframework.boot.test.autoconfigure.web.client.MockRestServiceServerResetTestExecutionListener@c5cc4c, org.springframework.boot.test.autoconfigure.restdocs.RestDocsTestExecutionListener@1918c79, org.springframework.boot.test.mock.mockito.MockitoTestExecutionListener@e94dcf]
19:06:12.244 [main] DEBUG org.springframework.test.annotation.ProfileValueUtils - Retrieved @ProfileValueSourceConfiguration [null] for test class [com.evoting.VoterControllerTest]
19:06:12.245 [main] DEBUG org.springframework.test.annotation.ProfileValueUtils - Retrieved ProfileValueSource type [class org.springframework.test.annotation.SystemProfileValueSource] for class [com.evoting.VoterControllerTest]
19:06:12.247 [main] DEBUG org.springframework.test.annotation.ProfileValueUtils - Retrieved @ProfileValueSourceConfiguration [null] for test class [com.evoting.VoterControllerTest]
19:06:12.247 [main] DEBUG org.springframework.test.annotation.ProfileValueUtils - Retrieved ProfileValueSource type [class org.springframework.test.annotation.SystemProfileValueSource] for class [com.evoting.VoterControllerTest]
19:06:12.257 [main] DEBUG org.springframework.test.context.support.AbstractDirtiesContextTestExecutionListener - Before test class: context [DefaultTestContext@1efed2d testClass = VoterControllerTest, testInstance = [null], testMethod = [null], testException = [null], mergedContextConfiguration = [WebMergedContextConfiguration@128854b testClass = VoterControllerTest, locations = '{}', classes = '{class com.evoting.WebServiceApplication}', contextInitializerClasses = '[]', activeProfiles = '{}', propertySourceLocations = '{}', propertySourceProperties = '{org.springframework.boot.test.context.SpringBootTestContextBootstrapper=true}', contextCustomizers = set[org.springframework.boot.test.context.SpringBootTestContextCustomizer@18486a3, org.springframework.boot.test.context.filter.ExcludeFilterContextCustomizer@1fe2924, org.springframework.boot.test.mock.mockito.MockitoContextCustomizer@0, org.springframework.boot.test.autoconfigure.properties.PropertyMappingContextCustomizer@0], resourceBasePath = 'src/main/webapp', contextLoader = 'org.springframework.boot.test.context.SpringBootContextLoader', parent = [null]]], class annotated with @DirtiesContext [false] with mode [null].
19:06:12.259 [main] DEBUG org.springframework.test.annotation.ProfileValueUtils - Retrieved @ProfileValueSourceConfiguration [null] for test class [com.evoting.VoterControllerTest]
19:06:12.259 [main] DEBUG org.springframework.test.annotation.ProfileValueUtils - Retrieved ProfileValueSource type [class org.springframework.test.annotation.SystemProfileValueSource] for class [com.evoting.VoterControllerTest]
19:06:12.330 [main] DEBUG org.springframework.core.env.StandardEnvironment - Adding [systemProperties] PropertySource with lowest search precedence
19:06:12.330 [main] DEBUG org.springframework.core.env.StandardEnvironment - Adding [systemEnvironment] PropertySource with lowest search precedence
19:06:12.331 [main] DEBUG org.springframework.core.env.StandardEnvironment - Initialized StandardEnvironment with PropertySources [systemProperties,systemEnvironment]
19:06:12.333 [main] DEBUG org.springframework.test.context.support.TestPropertySourceUtils - Adding inlined properties to environment: {spring.jmx.enabled=false, org.springframework.boot.test.context.SpringBootTestContextBootstrapper=true, server.port=-1}
19:06:12.334 [main] DEBUG org.springframework.core.env.StandardEnvironment - Adding [Inlined Test Properties] PropertySource with highest search precedence

  .   ____          _            __ _ _
 /\\ / ___'_ __ _ _(_)_ __  __ _ \ \ \ \
( ( )\___ | '_ | '_| | '_ \/ _` | \ \ \ \
 \\/  ___)| |_)| | | | | || (_| |  ) ) ) )
  '  |____| .__|_| |_|_| |_\__, | / / / /
 =========|_|==============|___/=/_/_/_/
 :: Spring Boot ::        (v1.4.0.RELEASE)

2016-08-29 19:06:14.666  INFO 5768 --- [           main] com.evoting.VoterControllerTest          : Starting VoterControllerTest on Gift-PC with PID 5768 (started by Gift in C:\Users\Gift\Documents\CodeX\eVoting\ServerSideNew\eVoting\webservice)
2016-08-29 19:06:14.667  INFO 5768 --- [           main] com.evoting.VoterControllerTest          : No active profile set, falling back to default profiles: default
2016-08-29 19:06:14.760  INFO 5768 --- [           main] o.s.w.c.s.GenericWebApplicationContext   : Refreshing org.springframework.web.context.support.GenericWebApplicationContext@cec793: startup date [Mon Aug 29 19:06:14 CAT 2016]; root of context hierarchy
2016-08-29 19:06:16.461  INFO 5768 --- [           main] .s.d.r.c.RepositoryConfigurationDelegate : Multiple Spring Data modules found, entering strict repository configuration mode!
2016-08-29 19:06:17.075  INFO 5768 --- [           main] trationDelegate$BeanPostProcessorChecker : Bean 'org.springframework.transaction.annotation.ProxyTransactionManagementConfiguration' of type [class org.springframework.transaction.annotation.ProxyTransactionManagementConfiguration$$EnhancerBySpringCGLIB$$5b72a982] is not eligible for getting processed by all BeanPostProcessors (for example: not eligible for auto-proxying)
2016-08-29 19:06:21.930  INFO 5768 --- [           main] j.LocalContainerEntityManagerFactoryBean : Building JPA container EntityManagerFactory for persistence unit 'default'
2016-08-29 19:06:21.961  INFO 5768 --- [           main] o.hibernate.jpa.internal.util.LogHelper  : HHH000204: Processing PersistenceUnitInfo [
	name: default
	...]
2016-08-29 19:06:22.149  INFO 5768 --- [           main] org.hibernate.Version                    : HHH000412: Hibernate Core {5.0.9.Final}
2016-08-29 19:06:22.152  INFO 5768 --- [           main] org.hibernate.cfg.Environment            : HHH000206: hibernate.properties not found
2016-08-29 19:06:22.156  INFO 5768 --- [           main] org.hibernate.cfg.Environment            : HHH000021: Bytecode provider name : javassist
2016-08-29 19:06:22.256  INFO 5768 --- [           main] o.hibernate.annotations.common.Version   : HCANN000001: Hibernate Commons Annotations {5.0.1.Final}
2016-08-29 19:06:22.509  INFO 5768 --- [           main] org.hibernate.dialect.Dialect            : HHH000400: Using dialect: org.hibernate.dialect.PostgreSQLDialect
2016-08-29 19:06:22.746  INFO 5768 --- [           main] o.h.e.j.e.i.LobCreatorBuilderImpl        : HHH000424: Disabling contextual LOB creation as createClob() method threw error : java.lang.reflect.InvocationTargetException
2016-08-29 19:06:22.748  INFO 5768 --- [           main] org.hibernate.type.BasicTypeRegistry     : HHH000270: Type registration [java.util.UUID] overrides previous : org.hibernate.type.UUIDBinaryType@1e12397
2016-08-29 19:06:22.758  INFO 5768 --- [           main] o.h.e.boot.internal.EnversServiceImpl    : Envers integration enabled? : true
2016-08-29 19:06:24.713  WARN 5768 --- [           main] org.hibernate.orm.deprecation            : HHH90000003: Use of DOM4J entity-mode is considered deprecated
2016-08-29 19:06:24.715  WARN 5768 --- [           main] org.hibernate.orm.deprecation            : HHH90000003: Use of DOM4J entity-mode is considered deprecated
2016-08-29 19:06:24.716  WARN 5768 --- [           main] org.hibernate.orm.deprecation            : HHH90000003: Use of DOM4J entity-mode is considered deprecated
2016-08-29 19:06:24.716  WARN 5768 --- [           main] org.hibernate.orm.deprecation            : HHH90000003: Use of DOM4J entity-mode is considered deprecated
2016-08-29 19:06:24.718  WARN 5768 --- [           main] org.hibernate.orm.deprecation            : HHH90000003: Use of DOM4J entity-mode is considered deprecated
2016-08-29 19:06:24.718  WARN 5768 --- [           main] org.hibernate.orm.deprecation            : HHH90000003: Use of DOM4J entity-mode is considered deprecated
2016-08-29 19:06:24.720  WARN 5768 --- [           main] org.hibernate.orm.deprecation            : HHH90000003: Use of DOM4J entity-mode is considered deprecated
2016-08-29 19:06:24.720  WARN 5768 --- [           main] org.hibernate.orm.deprecation            : HHH90000003: Use of DOM4J entity-mode is considered deprecated
2016-08-29 19:06:25.294  INFO 5768 --- [           main] org.hibernate.tool.hbm2ddl.SchemaUpdate  : HHH000228: Running hbm2ddl schema update
2016-08-29 19:06:26.399  INFO 5768 --- [           main] j.LocalContainerEntityManagerFactoryBean : Initialized JPA EntityManagerFactory for persistence unit 'default'
2016-08-29 19:06:27.713  INFO 5768 --- [           main] s.w.s.m.m.a.RequestMappingHandlerAdapter : Looking for @ControllerAdvice: org.springframework.web.context.support.GenericWebApplicationContext@cec793: startup date [Mon Aug 29 19:06:14 CAT 2016]; root of context hierarchy
2016-08-29 19:06:27.853  INFO 5768 --- [           main] s.w.s.m.m.a.RequestMappingHandlerMapping : Mapped "{[/register],methods=[POST]}" onto public java.lang.Boolean com.evoting.VoterController.register(voter.VoterService)
2016-08-29 19:06:27.853  INFO 5768 --- [           main] s.w.s.m.m.a.RequestMappingHandlerMapping : Mapped "{[/error]}" onto public org.springframework.http.ResponseEntity<java.util.Map<java.lang.String, java.lang.Object>> org.springframework.boot.autoconfigure.web.BasicErrorController.error(javax.servlet.http.HttpServletRequest)
2016-08-29 19:06:27.853  INFO 5768 --- [           main] s.w.s.m.m.a.RequestMappingHandlerMapping : Mapped "{[/error],produces=[text/html]}" onto public org.springframework.web.servlet.ModelAndView org.springframework.boot.autoconfigure.web.BasicErrorController.errorHtml(javax.servlet.http.HttpServletRequest,javax.servlet.http.HttpServletResponse)
2016-08-29 19:06:27.925  INFO 5768 --- [           main] o.s.w.s.handler.SimpleUrlHandlerMapping  : Mapped URL path [/webjars/**] onto handler of type [class org.springframework.web.servlet.resource.ResourceHttpRequestHandler]
2016-08-29 19:06:27.925  INFO 5768 --- [           main] o.s.w.s.handler.SimpleUrlHandlerMapping  : Mapped URL path [/**] onto handler of type [class org.springframework.web.servlet.resource.ResourceHttpRequestHandler]
2016-08-29 19:06:28.006  INFO 5768 --- [           main] o.s.w.s.handler.SimpleUrlHandlerMapping  : Mapped URL path [/**/favicon.ico] onto handler of type [class org.springframework.web.servlet.resource.ResourceHttpRequestHandler]
2016-08-29 19:06:28.421  INFO 5768 --- [           main] com.evoting.VoterControllerTest          : Started VoterControllerTest in 16.062 seconds (JVM running for 17.788)
2016-08-29 19:06:28.500  INFO 5768 --- [           main] o.h.h.i.QueryTranslatorFactoryInitiator  : HHH000397: Using ASTQueryTranslatorFactory
trying to persist
2016-08-29 19:06:28.890  WARN 5768 --- [           main] o.h.engine.jdbc.spi.SqlExceptionHelper   : SQL Error: 0, SQLState: 23505
2016-08-29 19:06:28.891 ERROR 5768 --- [           main] o.h.engine.jdbc.spi.SqlExceptionHelper   : ERROR: duplicate key value violates unique constraint "uk_fwmwi44u55bo4rvwsv0cln012"
  Detail: Key (email)=(joidh@jod.com) already exists.
2016-08-29 19:06:28.894  INFO 5768 --- [           main] o.h.e.j.b.internal.AbstractBatchImpl     : HHH000010: On release of batch it still contained JDBC statements
]]></system-out>
    <system-err><![CDATA[INFO 2016/08/29 7:06 PM: liquibase: Successfully acquired change log lock
INFO 2016/08/29 7:06 PM: liquibase: Reading from public.databasechangelog
INFO 2016/08/29 7:06 PM: liquibase: Successfully released change log lock
]]></system-err>
  </testcase>
</testsuite>